C:\project\qt\openmeeting2\MeetingFrame\Release\CL.4052.read.1.tlog
C:\project\qt\openmeeting2\MeetingFrame\Release\CL.4052.write.1.tlog
C:\project\qt\openmeeting2\MeetingFrame\Release\CL.5032.read.1.tlog
C:\project\qt\openmeeting2\MeetingFrame\Release\CL.5032.write.1.tlog
C:\project\qt\openmeeting2\MeetingFrame\Release\CL.5512.read.1.tlog
C:\project\qt\openmeeting2\MeetingFrame\Release\CL.5512.write.1.tlog
C:\project\qt\openmeeting2\MeetingFrame\Release\CL.668.read.1.tlog
C:\project\qt\openmeeting2\MeetingFrame\Release\CL.668.write.1.tlog
C:\project\qt\openmeeting2\MeetingFrame\Release\cl.command.1.tlog
C:\project\qt\openmeeting2\MeetingFrame\Release\CL.read.1.tlog
C:\project\qt\openmeeting2\MeetingFrame\Release\cl.write.1.tlog
C:\project\qt\openmeeting2\MeetingFrame\Release\dllmain.obj
C:\project\qt\openmeeting2\MeetingFrame\Release\link.command.1.tlog
C:\project\qt\openmeeting2\MeetingFrame\Release\link.read.1.tlog
C:\project\qt\openmeeting2\MeetingFrame\Release\link.write.1.tlog
C:\project\qt\openmeeting2\MeetingFrame\Release\MeetingConnImpl.obj
C:\PROJECT\QT\OPENMEETING2\MEETINGFRAME\RELEASE\MEETINGFRAME.DLL.INTERMEDIATE.MANIFEST
C:\project\qt\openmeeting2\MeetingFrame\Release\MeetingFrame.write.1.tlog
C:\project\qt\openmeeting2\MeetingFrame\Release\MeetingFrameImpl.obj
C:\project\qt\openmeeting2\MeetingFrame\Release\mt.command.1.tlog
C:\project\qt\openmeeting2\MeetingFrame\Release\mt.read.1.tlog
C:\project\qt\openmeeting2\MeetingFrame\Release\mt.write.1.tlog
C:\project\qt\openmeeting2\MeetingFrame\Release\stdafx.obj
C:\PROJECT\QT\OPENMEETING2\MEETINGFRAME\RELEASE\VC100.PDB
C:\PROJECT\QT\OPENMEETING2\RELEASE\MEETINGFRAME.PDB
C:\project\qt\openmeeting2\video_sdk\lib\Release\MeetingFrame.exp
C:\project\qt\openmeeting2\video_sdk\lib\Release\MeetingFrame.lib
C:\PROJECT\QT\OPENMEETING2\WIN32\RELEASE\MEETINGFRAME.DLL
