C:\PROJECT\QT\OPENMEETING2\DEBUG\MEETINGFRAME.PDB
C:\project\qt\openmeeting2\MeetingFrame\Debug\cl.command.1.tlog
C:\project\qt\openmeeting2\MeetingFrame\Debug\CL.read.1.tlog
C:\project\qt\openmeeting2\MeetingFrame\Debug\CL.write.1.tlog
C:\PROJECT\QT\OPENMEETING2\MEETINGFRAME\DEBUG\DLLMAIN.OBJ
C:\project\qt\openmeeting2\MeetingFrame\Debug\link.4376.read.1.tlog
C:\project\qt\openmeeting2\MeetingFrame\Debug\link.4376.write.1.tlog
C:\project\qt\openmeeting2\MeetingFrame\Debug\link.4376-cvtres.read.1.tlog
C:\project\qt\openmeeting2\MeetingFrame\Debug\link.4376-cvtres.write.1.tlog
C:\project\qt\openmeeting2\MeetingFrame\Debug\link.command.1.tlog
C:\project\qt\openmeeting2\MeetingFrame\Debug\link.read.1.tlog
C:\project\qt\openmeeting2\MeetingFrame\Debug\link.write.1.tlog
C:\project\qt\openmeeting2\MeetingFrame\Debug\link-cvtres.read.1.tlog
C:\project\qt\openmeeting2\MeetingFrame\Debug\link-cvtres.write.1.tlog
C:\PROJECT\QT\OPENMEETING2\MEETINGFRAME\DEBUG\MEETINGCONNIMPL.OBJ
C:\PROJECT\QT\OPENMEETING2\MEETINGFRAME\DEBUG\MEETINGFRAME.DLL.EMBED.MANIFEST
C:\PROJECT\QT\OPENMEETING2\MEETINGFRAME\DEBUG\MEETINGFRAME.DLL.EMBED.MANIFEST.RES
C:\PROJECT\QT\OPENMEETING2\MEETINGFRAME\DEBUG\MEETINGFRAME.DLL.INTERMEDIATE.MANIFEST
C:\project\qt\openmeeting2\MeetingFrame\Debug\MeetingFrame.vcxprojResolveAssemblyReference.cache
C:\project\qt\openmeeting2\MeetingFrame\Debug\MeetingFrame.write.1.tlog
C:\project\qt\openmeeting2\MeetingFrame\Debug\MeetingFrame_manifest.rc
C:\PROJECT\QT\OPENMEETING2\MEETINGFRAME\DEBUG\MEETINGFRAMEIMPL.OBJ
C:\project\qt\openmeeting2\MeetingFrame\Debug\mt.command.1.tlog
C:\project\qt\openmeeting2\MeetingFrame\Debug\mt.read.1.tlog
C:\project\qt\openmeeting2\MeetingFrame\Debug\mt.write.1.tlog
C:\project\qt\openmeeting2\MeetingFrame\Debug\rc.command.1.tlog
C:\project\qt\openmeeting2\MeetingFrame\Debug\rc.read.1.tlog
C:\project\qt\openmeeting2\MeetingFrame\Debug\rc.write.1.tlog
C:\PROJECT\QT\OPENMEETING2\MEETINGFRAME\DEBUG\STDAFX.OBJ
C:\project\qt\openmeeting2\MeetingFrame\Debug\vc100.idb
C:\PROJECT\QT\OPENMEETING2\MEETINGFRAME\DEBUG\VC100.PDB
C:\project\qt\openmeeting2\video_sdk\lib\Debug\MeetingFrame.exp
C:\project\qt\openmeeting2\video_sdk\lib\Debug\MeetingFrame.lib
C:\PROJECT\QT\OPENMEETING2\WIN32\DEBUG\MEETINGFRAME.DLL
C:\PROJECT\QT\OPENMEETING2\WIN32\DEBUG\MEETINGFRAME.ILK
